  main.cpp
C:\Users\Snow\Desktop\School\College\CS340-SWE_Methods_and_Projects\GetMineral\src\world\chunks\Chunk.h(271,1): warning C4305:  'initializing': truncation from 'double' to 'float'
C:\Users\Snow\Desktop\School\College\CS340-SWE_Methods_and_Projects\GetMineral\src\world\chunks\Chunk.h(282,11): warning C4244:  'initializing': conversion from 'float' to 'int', possible loss of data
C:\Users\Snow\Desktop\School\College\CS340-SWE_Methods_and_Projects\GetMineral\src\world\chunks\Chunk.h(274,11): warning C4101:  'rx': unreferenced local variable
C:\Users\Snow\Desktop\School\College\CS340-SWE_Methods_and_Projects\GetMineral\src\world\chunks\Chunk.h(274,7): warning C4101:  'ry': unreferenced local variable
C:\Users\Snow\Desktop\School\College\CS340-SWE_Methods_and_Projects\GetMineral\src\world\chunks\Chunk.h(270,12): warning C4101:  'noiseValues': unreferenced local variable
C:\Users\Snow\Desktop\School\College\CS340-SWE_Methods_and_Projects\GetMineral\src\world\chunks\Chunk.h(274,15): warning C4101:  'rz': unreferenced local variable
C:\Users\Snow\Desktop\School\College\CS340-SWE_Methods_and_Projects\GetMineral\src\world\chunks\Chunk.h(272,9): warning C4101:  'perlinValue': unreferenced local variable
C:\Users\Snow\Desktop\School\College\CS340-SWE_Methods_and_Projects\GetMineral\src\world\World.h(59,12): warning C4244:  'initializing': conversion from 'T' to 'int', possible loss of data
C:\Users\Snow\Desktop\School\College\CS340-SWE_Methods_and_Projects\GetMineral\src\world\World.h(59,12): warning C4244:         with
C:\Users\Snow\Desktop\School\College\CS340-SWE_Methods_and_Projects\GetMineral\src\world\World.h(59,12): warning C4244:         [
C:\Users\Snow\Desktop\School\College\CS340-SWE_Methods_and_Projects\GetMineral\src\world\World.h(59,12): warning C4244:             T=float
C:\Users\Snow\Desktop\School\College\CS340-SWE_Methods_and_Projects\GetMineral\src\world\World.h(59,12): warning C4244:         ]
C:\Users\Snow\Desktop\School\College\CS340-SWE_Methods_and_Projects\GetMineral\src\world\World.h(64,16): warning C4244:  '=': conversion from 'T' to 'int', possible loss of data
C:\Users\Snow\Desktop\School\College\CS340-SWE_Methods_and_Projects\GetMineral\src\world\World.h(64,16): warning C4244:         with
C:\Users\Snow\Desktop\School\College\CS340-SWE_Methods_and_Projects\GetMineral\src\world\World.h(64,16): warning C4244:         [
C:\Users\Snow\Desktop\School\College\CS340-SWE_Methods_and_Projects\GetMineral\src\world\World.h(64,16): warning C4244:             T=float
C:\Users\Snow\Desktop\School\College\CS340-SWE_Methods_and_Projects\GetMineral\src\world\World.h(64,16): warning C4244:         ]
C:\Users\Snow\Desktop\School\College\CS340-SWE_Methods_and_Projects\GetMineral\src\world\World.h(69,16): warning C4244:  '=': conversion from 'T' to 'int', possible loss of data
C:\Users\Snow\Desktop\School\College\CS340-SWE_Methods_and_Projects\GetMineral\src\world\World.h(69,16): warning C4244:         with
C:\Users\Snow\Desktop\School\College\CS340-SWE_Methods_and_Projects\GetMineral\src\world\World.h(69,16): warning C4244:         [
C:\Users\Snow\Desktop\School\College\CS340-SWE_Methods_and_Projects\GetMineral\src\world\World.h(69,16): warning C4244:             T=float
C:\Users\Snow\Desktop\School\College\CS340-SWE_Methods_and_Projects\GetMineral\src\world\World.h(69,16): warning C4244:         ]
C:\Users\Snow\Desktop\School\College\CS340-SWE_Methods_and_Projects\GetMineral\src\world\World.h(82,27): warning C4244:  '=': conversion from 'T' to 'T', possible loss of data
C:\Users\Snow\Desktop\School\College\CS340-SWE_Methods_and_Projects\GetMineral\src\world\World.h(82,27): warning C4244:         with
C:\Users\Snow\Desktop\School\College\CS340-SWE_Methods_and_Projects\GetMineral\src\world\World.h(82,27): warning C4244:         [
C:\Users\Snow\Desktop\School\College\CS340-SWE_Methods_and_Projects\GetMineral\src\world\World.h(82,27): warning C4244:             T=float
C:\Users\Snow\Desktop\School\College\CS340-SWE_Methods_and_Projects\GetMineral\src\world\World.h(82,27): warning C4244:         ]
C:\Users\Snow\Desktop\School\College\CS340-SWE_Methods_and_Projects\GetMineral\src\world\World.h(82,27): warning C4244:         and
C:\Users\Snow\Desktop\School\College\CS340-SWE_Methods_and_Projects\GetMineral\src\world\World.h(82,27): warning C4244:         [
C:\Users\Snow\Desktop\School\College\CS340-SWE_Methods_and_Projects\GetMineral\src\world\World.h(82,27): warning C4244:             T=int
C:\Users\Snow\Desktop\School\College\CS340-SWE_Methods_and_Projects\GetMineral\src\world\World.h(82,27): warning C4244:         ]
C:\Users\Snow\Desktop\School\College\CS340-SWE_Methods_and_Projects\GetMineral\src\world\World.h(83,27): warning C4244:  '=': conversion from 'T' to 'T', possible loss of data
C:\Users\Snow\Desktop\School\College\CS340-SWE_Methods_and_Projects\GetMineral\src\world\World.h(83,27): warning C4244:         with
C:\Users\Snow\Desktop\School\College\CS340-SWE_Methods_and_Projects\GetMineral\src\world\World.h(83,27): warning C4244:         [
C:\Users\Snow\Desktop\School\College\CS340-SWE_Methods_and_Projects\GetMineral\src\world\World.h(83,27): warning C4244:             T=float
C:\Users\Snow\Desktop\School\College\CS340-SWE_Methods_and_Projects\GetMineral\src\world\World.h(83,27): warning C4244:         ]
C:\Users\Snow\Desktop\School\College\CS340-SWE_Methods_and_Projects\GetMineral\src\world\World.h(83,27): warning C4244:         and
C:\Users\Snow\Desktop\School\College\CS340-SWE_Methods_and_Projects\GetMineral\src\world\World.h(83,27): warning C4244:         [
C:\Users\Snow\Desktop\School\College\CS340-SWE_Methods_and_Projects\GetMineral\src\world\World.h(83,27): warning C4244:             T=int
C:\Users\Snow\Desktop\School\College\CS340-SWE_Methods_and_Projects\GetMineral\src\world\World.h(83,27): warning C4244:         ]
C:\Users\Snow\Desktop\School\College\CS340-SWE_Methods_and_Projects\GetMineral\src\world\World.h(84,27): warning C4244:  '=': conversion from 'T' to 'T', possible loss of data
C:\Users\Snow\Desktop\School\College\CS340-SWE_Methods_and_Projects\GetMineral\src\world\World.h(84,27): warning C4244:         with
C:\Users\Snow\Desktop\School\College\CS340-SWE_Methods_and_Projects\GetMineral\src\world\World.h(84,27): warning C4244:         [
C:\Users\Snow\Desktop\School\College\CS340-SWE_Methods_and_Projects\GetMineral\src\world\World.h(84,27): warning C4244:             T=float
C:\Users\Snow\Desktop\School\College\CS340-SWE_Methods_and_Projects\GetMineral\src\world\World.h(84,27): warning C4244:         ]
C:\Users\Snow\Desktop\School\College\CS340-SWE_Methods_and_Projects\GetMineral\src\world\World.h(84,27): warning C4244:         and
C:\Users\Snow\Desktop\School\College\CS340-SWE_Methods_and_Projects\GetMineral\src\world\World.h(84,27): warning C4244:         [
C:\Users\Snow\Desktop\School\College\CS340-SWE_Methods_and_Projects\GetMineral\src\world\World.h(84,27): warning C4244:             T=int
C:\Users\Snow\Desktop\School\College\CS340-SWE_Methods_and_Projects\GetMineral\src\world\World.h(84,27): warning C4244:         ]
C:\Users\Snow\Desktop\School\College\CS340-SWE_Methods_and_Projects\GetMineral\src\world\World.h(107,27): warning C4244:  '=': conversion from 'T' to 'T', possible loss of data
C:\Users\Snow\Desktop\School\College\CS340-SWE_Methods_and_Projects\GetMineral\src\world\World.h(107,27): warning C4244:         with
C:\Users\Snow\Desktop\School\College\CS340-SWE_Methods_and_Projects\GetMineral\src\world\World.h(107,27): warning C4244:         [
C:\Users\Snow\Desktop\School\College\CS340-SWE_Methods_and_Projects\GetMineral\src\world\World.h(107,27): warning C4244:             T=float
C:\Users\Snow\Desktop\School\College\CS340-SWE_Methods_and_Projects\GetMineral\src\world\World.h(107,27): warning C4244:         ]
C:\Users\Snow\Desktop\School\College\CS340-SWE_Methods_and_Projects\GetMineral\src\world\World.h(107,27): warning C4244:         and
C:\Users\Snow\Desktop\School\College\CS340-SWE_Methods_and_Projects\GetMineral\src\world\World.h(107,27): warning C4244:         [
C:\Users\Snow\Desktop\School\College\CS340-SWE_Methods_and_Projects\GetMineral\src\world\World.h(107,27): warning C4244:             T=int
C:\Users\Snow\Desktop\School\College\CS340-SWE_Methods_and_Projects\GetMineral\src\world\World.h(107,27): warning C4244:         ]
C:\Users\Snow\Desktop\School\College\CS340-SWE_Methods_and_Projects\GetMineral\src\world\World.h(108,27): warning C4244:  '=': conversion from 'T' to 'T', possible loss of data
C:\Users\Snow\Desktop\School\College\CS340-SWE_Methods_and_Projects\GetMineral\src\world\World.h(108,27): warning C4244:         with
C:\Users\Snow\Desktop\School\College\CS340-SWE_Methods_and_Projects\GetMineral\src\world\World.h(108,27): warning C4244:         [
C:\Users\Snow\Desktop\School\College\CS340-SWE_Methods_and_Projects\GetMineral\src\world\World.h(108,27): warning C4244:             T=float
C:\Users\Snow\Desktop\School\College\CS340-SWE_Methods_and_Projects\GetMineral\src\world\World.h(108,27): warning C4244:         ]
C:\Users\Snow\Desktop\School\College\CS340-SWE_Methods_and_Projects\GetMineral\src\world\World.h(108,27): warning C4244:         and
C:\Users\Snow\Desktop\School\College\CS340-SWE_Methods_and_Projects\GetMineral\src\world\World.h(108,27): warning C4244:         [
C:\Users\Snow\Desktop\School\College\CS340-SWE_Methods_and_Projects\GetMineral\src\world\World.h(108,27): warning C4244:             T=int
C:\Users\Snow\Desktop\School\College\CS340-SWE_Methods_and_Projects\GetMineral\src\world\World.h(108,27): warning C4244:         ]
C:\Users\Snow\Desktop\School\College\CS340-SWE_Methods_and_Projects\GetMineral\src\world\World.h(109,27): warning C4244:  '=': conversion from 'T' to 'T', possible loss of data
C:\Users\Snow\Desktop\School\College\CS340-SWE_Methods_and_Projects\GetMineral\src\world\World.h(109,27): warning C4244:         with
C:\Users\Snow\Desktop\School\College\CS340-SWE_Methods_and_Projects\GetMineral\src\world\World.h(109,27): warning C4244:         [
C:\Users\Snow\Desktop\School\College\CS340-SWE_Methods_and_Projects\GetMineral\src\world\World.h(109,27): warning C4244:             T=float
C:\Users\Snow\Desktop\School\College\CS340-SWE_Methods_and_Projects\GetMineral\src\world\World.h(109,27): warning C4244:         ]
C:\Users\Snow\Desktop\School\College\CS340-SWE_Methods_and_Projects\GetMineral\src\world\World.h(109,27): warning C4244:         and
C:\Users\Snow\Desktop\School\College\CS340-SWE_Methods_and_Projects\GetMineral\src\world\World.h(109,27): warning C4244:         [
C:\Users\Snow\Desktop\School\College\CS340-SWE_Methods_and_Projects\GetMineral\src\world\World.h(109,27): warning C4244:             T=int
C:\Users\Snow\Desktop\School\College\CS340-SWE_Methods_and_Projects\GetMineral\src\world\World.h(109,27): warning C4244:         ]
C:\Users\Snow\Desktop\School\College\CS340-SWE_Methods_and_Projects\GetMineral\src\world\World.h(219,12): warning C4244:  'initializing': conversion from 'T' to 'int', possible loss of data
C:\Users\Snow\Desktop\School\College\CS340-SWE_Methods_and_Projects\GetMineral\src\world\World.h(219,12): warning C4244:         with
C:\Users\Snow\Desktop\School\College\CS340-SWE_Methods_and_Projects\GetMineral\src\world\World.h(219,12): warning C4244:         [
C:\Users\Snow\Desktop\School\College\CS340-SWE_Methods_and_Projects\GetMineral\src\world\World.h(219,12): warning C4244:             T=float
C:\Users\Snow\Desktop\School\College\CS340-SWE_Methods_and_Projects\GetMineral\src\world\World.h(219,12): warning C4244:         ]
C:\Users\Snow\Desktop\School\College\CS340-SWE_Methods_and_Projects\GetMineral\src\world\World.h(233,22): warning C4244:  '=': conversion from 'T' to 'int', possible loss of data
C:\Users\Snow\Desktop\School\College\CS340-SWE_Methods_and_Projects\GetMineral\src\world\World.h(233,22): warning C4244:         with
C:\Users\Snow\Desktop\School\College\CS340-SWE_Methods_and_Projects\GetMineral\src\world\World.h(233,22): warning C4244:         [
C:\Users\Snow\Desktop\School\College\CS340-SWE_Methods_and_Projects\GetMineral\src\world\World.h(233,22): warning C4244:             T=float
C:\Users\Snow\Desktop\School\College\CS340-SWE_Methods_and_Projects\GetMineral\src\world\World.h(233,22): warning C4244:         ]
C:\Users\Snow\Desktop\School\College\CS340-SWE_Methods_and_Projects\GetMineral\src\world\World.h(246,22): warning C4244:  '=': conversion from 'T' to 'int', possible loss of data
C:\Users\Snow\Desktop\School\College\CS340-SWE_Methods_and_Projects\GetMineral\src\world\World.h(246,22): warning C4244:         with
C:\Users\Snow\Desktop\School\College\CS340-SWE_Methods_and_Projects\GetMineral\src\world\World.h(246,22): warning C4244:         [
C:\Users\Snow\Desktop\School\College\CS340-SWE_Methods_and_Projects\GetMineral\src\world\World.h(246,22): warning C4244:             T=float
C:\Users\Snow\Desktop\School\College\CS340-SWE_Methods_and_Projects\GetMineral\src\world\World.h(246,22): warning C4244:         ]
C:\Users\Snow\Desktop\School\College\CS340-SWE_Methods_and_Projects\GetMineral\src\world\World.h(285,1): warning C4316:  'Chunk': object allocated on the heap may not be aligned 16
C:\Users\Snow\Desktop\School\College\CS340-SWE_Methods_and_Projects\GetMineral\src\world\World.h(298,1): warning C4316:  'Chunk': object allocated on the heap may not be aligned 16
C:\Users\Snow\Desktop\School\College\CS340-SWE_Methods_and_Projects\GetMineral\src\world\World.h(310,1): warning C4316:  'Chunk': object allocated on the heap may not be aligned 16
C:\Users\Snow\Desktop\School\College\CS340-SWE_Methods_and_Projects\GetMineral\src\world\World.h(322,1): warning C4316:  'Chunk': object allocated on the heap may not be aligned 16
  camera.cpp
  shaderProgram.cpp
  texture3D.cpp
  Generating Code...
C:\Users\Snow\Desktop\School\College\CS340-SWE_Methods_and_Projects\GetMineral\src\world\World.h(332,1): warning C4316:  'Chunk': object allocated on the heap may not be aligned 16
LINK : warning LNK4098: defaultlib 'LIBCMT' conflicts with use of other libs; use /NODEFAULTLIB:library
LINK : warning LNK4098: defaultlib 'MSVCRT' conflicts with use of other libs; use /NODEFAULTLIB:library
LINK : warning LNK4286: symbol '___glewAttachShader' defined in 'glew32s.lib(glew.obj)' is imported by 'shaderProgram.obj'
LINK : warning LNK4286: symbol '___glewCompileShader' defined in 'glew32s.lib(glew.obj)' is imported by 'shaderProgram.obj'
LINK : warning LNK4286: symbol '___glewCreateProgram' defined in 'glew32s.lib(glew.obj)' is imported by 'shaderProgram.obj'
LINK : warning LNK4286: symbol '___glewCreateShader' defined in 'glew32s.lib(glew.obj)' is imported by 'shaderProgram.obj'
LINK : warning LNK4286: symbol '___glewDeleteProgram' defined in 'glew32s.lib(glew.obj)' is imported by 'shaderProgram.obj'
LINK : warning LNK4286: symbol '___glewDeleteShader' defined in 'glew32s.lib(glew.obj)' is imported by 'shaderProgram.obj'
LINK : warning LNK4286: symbol '___glewGetProgramInfoLog' defined in 'glew32s.lib(glew.obj)' is imported by 'shaderProgram.obj'
LINK : warning LNK4286: symbol '___glewGetProgramiv' defined in 'glew32s.lib(glew.obj)' is imported by 'shaderProgram.obj'
LINK : warning LNK4286: symbol '___glewGetShaderInfoLog' defined in 'glew32s.lib(glew.obj)' is imported by 'shaderProgram.obj'
LINK : warning LNK4286: symbol '___glewGetShaderiv' defined in 'glew32s.lib(glew.obj)' is imported by 'shaderProgram.obj'
LINK : warning LNK4286: symbol '___glewGetUniformLocation' defined in 'glew32s.lib(glew.obj)' is imported by 'shaderProgram.obj'
LINK : warning LNK4286: symbol '___glewLinkProgram' defined in 'glew32s.lib(glew.obj)' is imported by 'shaderProgram.obj'
LINK : warning LNK4286: symbol '___glewShaderSource' defined in 'glew32s.lib(glew.obj)' is imported by 'shaderProgram.obj'
LINK : warning LNK4286: symbol '___glewUniform2f' defined in 'glew32s.lib(glew.obj)' is imported by 'shaderProgram.obj'
LINK : warning LNK4286: symbol '___glewUniform3f' defined in 'glew32s.lib(glew.obj)' is imported by 'shaderProgram.obj'
LINK : warning LNK4286: symbol '___glewUniform4f' defined in 'glew32s.lib(glew.obj)' is imported by 'shaderProgram.obj'
LINK : warning LNK4286: symbol '___glewUniformMatrix4fv' defined in 'glew32s.lib(glew.obj)' is imported by 'shaderProgram.obj'
LINK : warning LNK4286: symbol '___glewUseProgram' defined in 'glew32s.lib(glew.obj)' is imported by 'shaderProgram.obj'
LINK : warning LNK4286: symbol '___glewGenerateMipmap' defined in 'glew32s.lib(glew.obj)' is imported by 'texture3D.obj'
glew32s.lib(glew.obj) : warning LNK4099: PDB 'vc120.pdb' was not found with 'glew32s.lib(glew.obj)' or at 'C:\Users\Snow\Desktop\School\College\CS340-SWE_Methods_and_Projects\GetMineral\Debug\vc120.pdb'; linking object as if no debug info
  GetMineral.vcxproj -> C:\Users\Snow\Desktop\School\College\CS340-SWE_Methods_and_Projects\GetMineral\Debug\GetMineral.exe
